#! /usr/local/Cellar/icarus-verilog/10.3/bin/vvp
:ivl_version "10.3 (stable)" "(v10_3)";
:ivl_delay_selection "TYPICAL";
:vpi_time_precision + 0;
:vpi_module "system";
:vpi_module "vhdl_sys";
:vpi_module "v2005_math";
:vpi_module "va_math";
S_0x7f9237d00780 .scope module, "labK" "labK" 2 1;
 .timescale 0 0;
v0x7f9237d004a0_0 .var "one", 0 0;
v0x7f9237d10980_0 .var "three", 2 0;
v0x7f9237d10a20_0 .var "two", 1 0;
v0x7f9237d10ad0_0 .var "x", 31 0;
    .scope S_0x7f9237d00780;
T_0 ;
    %pushi/vec4 1, 0, 32;
    %store/vec4 v0x7f9237d10ad0_0, 0, 32;
    %vpi_call 2 10 "$display", "time = %5d, x = %b", $time, v0x7f9237d10ad0_0 {0 0 0};
    %pushi/vec4 3, 0, 32;
    %store/vec4 v0x7f9237d10ad0_0, 0, 32;
    %vpi_call 2 12 "$display", "time = %5d, x = %b", $time, v0x7f9237d10ad0_0 {0 0 0};
    %pushi/vec4 6, 0, 32;
    %store/vec4 v0x7f9237d10ad0_0, 0, 32;
    %vpi_call 2 14 "$display", "time = %5d, x = %b", $time, v0x7f9237d10ad0_0 {0 0 0};
    %load/vec4 v0x7f9237d10ad0_0;
    %and/r;
    %store/vec4 v0x7f9237d004a0_0, 0, 1;
    %load/vec4 v0x7f9237d10ad0_0;
    %parti/s 2, 0, 2;
    %store/vec4 v0x7f9237d10a20_0, 0, 2;
    %load/vec4 v0x7f9237d004a0_0;
    %load/vec4 v0x7f9237d10a20_0;
    %concat/vec4; draw_concat_vec4
    %store/vec4 v0x7f9237d10980_0, 0, 3;
    %vpi_call 2 18 "$display", "time = %5d, one = %b", $time, v0x7f9237d004a0_0 {0 0 0};
    %vpi_call 2 19 "$display", "time = %5d, one = %b", $time, v0x7f9237d10a20_0 {0 0 0};
    %vpi_call 2 20 "$display", "time = %5d, one = %b", $time, v0x7f9237d10980_0 {0 0 0};
    %vpi_call 2 21 "$finish" {0 0 0};
    %end;
    .thread T_0;
# The file index is used to find the file name in the following table.
:file_names 3;
    "N/A";
    "<interactive>";
    "LabK1.v";
