#! /usr/local/Cellar/icarus-verilog/10.3/bin/vvp
:ivl_version "10.3 (stable)" "(v10_3)";
:ivl_delay_selection "TYPICAL";
:vpi_time_precision + 0;
:vpi_module "system";
:vpi_module "vhdl_sys";
:vpi_module "v2005_math";
:vpi_module "va_math";
S_0x7fd385524440 .scope module, "labM" "labM" 2 1;
 .timescale 0 0;
v0x7fd385538680_0 .var "clk", 0 0;
v0x7fd385538720_0 .var "d", 31 0;
v0x7fd38553d310_0 .var "e", 31 0;
v0x7fd38553d3a0_0 .var "enable", 0 0;
v0x7fd38553d430_0 .net "z", 31 0, L_0x7fd38553f090;  1 drivers
S_0x7fd385524a80 .scope module, "mine" "register" 2 6, 3 79 0, S_0x7fd385524440;
 .timescale 0 0;
    .port_info 0 /OUTPUT 32 "q"
    .port_info 1 /INPUT 32 "d"
    .port_info 2 /INPUT 1 "clk"
    .port_info 3 /INPUT 1 "enable"
P_0x7fd385517310 .param/l "SIZE" 0 3 85, +C4<00000000000000000000000000100000>;
v0x7fd38553d270_0 .net "clk", 0 0, v0x7fd385538680_0;  1 drivers
v0x7fd3855383b0_0 .net "d", 31 0, v0x7fd385538720_0;  1 drivers
v0x7fd385538450_0 .net "enable", 0 0, v0x7fd38553d3a0_0;  1 drivers
v0x7fd385538500_0 .net "q", 31 0, L_0x7fd38553f090;  alias, 1 drivers
LS_0x7fd38553f090_0_0 .concat [ 1 1 1 1], v0x7fd385533200_0, v0x7fd3855336e0_0, v0x7fd385533c40_0, v0x7fd385534120_0;
LS_0x7fd38553f090_0_4 .concat [ 1 1 1 1], v0x7fd385534720_0, v0x7fd385534bd0_0, v0x7fd3855350c0_0, v0x7fd3855355c0_0;
LS_0x7fd38553f090_0_8 .concat [ 1 1 1 1], v0x7fd385535d10_0, v0x7fd385536110_0, v0x7fd385536600_0, v0x7fd385536b00_0;
LS_0x7fd38553f090_0_12 .concat [ 1 1 1 1], v0x7fd385537000_0, v0x7fd385537500_0, v0x7fd385537a00_0, v0x7fd385537f00_0;
LS_0x7fd38553f090_0_16 .concat [ 1 1 1 1], v0x7fd385535c10_0, v0x7fd385538b80_0, v0x7fd385539080_0, v0x7fd385539580_0;
LS_0x7fd38553f090_0_20 .concat [ 1 1 1 1], v0x7fd385539a80_0, v0x7fd385539f80_0, v0x7fd38553a480_0, v0x7fd38553a980_0;
LS_0x7fd38553f090_0_24 .concat [ 1 1 1 1], v0x7fd38553ae80_0, v0x7fd38553b380_0, v0x7fd38553b880_0, v0x7fd38553bd80_0;
LS_0x7fd38553f090_0_28 .concat [ 1 1 1 1], v0x7fd38553c280_0, v0x7fd38553c780_0, v0x7fd38553cc80_0, v0x7fd38553d180_0;
LS_0x7fd38553f090_1_0 .concat [ 4 4 4 4], LS_0x7fd38553f090_0_0, LS_0x7fd38553f090_0_4, LS_0x7fd38553f090_0_8, LS_0x7fd38553f090_0_12;
LS_0x7fd38553f090_1_4 .concat [ 4 4 4 4], LS_0x7fd38553f090_0_16, LS_0x7fd38553f090_0_20, LS_0x7fd38553f090_0_24, LS_0x7fd38553f090_0_28;
L_0x7fd38553f090 .concat [ 16 16 0 0], LS_0x7fd38553f090_1_0, LS_0x7fd38553f090_1_4;
L_0x7fd38553f620 .part v0x7fd385538720_0, 0, 1;
L_0x7fd38553f720 .part v0x7fd385538720_0, 1, 1;
L_0x7fd38553f7e0 .part v0x7fd385538720_0, 2, 1;
L_0x7fd38553f920 .part v0x7fd385538720_0, 3, 1;
L_0x7fd38553f9e0 .part v0x7fd385538720_0, 4, 1;
L_0x7fd38553fa80 .part v0x7fd385538720_0, 5, 1;
L_0x7fd38553fb40 .part v0x7fd385538720_0, 6, 1;
L_0x7fd38553fce0 .part v0x7fd385538720_0, 7, 1;
L_0x7fd38553fd80 .part v0x7fd385538720_0, 8, 1;
L_0x7fd38553fe20 .part v0x7fd385538720_0, 9, 1;
L_0x7fd38553ff20 .part v0x7fd385538720_0, 10, 1;
L_0x7fd38553ffc0 .part v0x7fd385538720_0, 11, 1;
L_0x7fd3855400d0 .part v0x7fd385538720_0, 12, 1;
L_0x7fd385540170 .part v0x7fd385538720_0, 13, 1;
L_0x7fd385540290 .part v0x7fd385538720_0, 14, 1;
L_0x7fd38553fbe0 .part v0x7fd385538720_0, 15, 1;
L_0x7fd3855405c0 .part v0x7fd385538720_0, 16, 1;
L_0x7fd385540660 .part v0x7fd385538720_0, 17, 1;
L_0x7fd3855407a0 .part v0x7fd385538720_0, 18, 1;
L_0x7fd385540840 .part v0x7fd385538720_0, 19, 1;
L_0x7fd385540700 .part v0x7fd385538720_0, 20, 1;
L_0x7fd385540990 .part v0x7fd385538720_0, 21, 1;
L_0x7fd385540af0 .part v0x7fd385538720_0, 22, 1;
L_0x7fd3855408e0 .part v0x7fd385538720_0, 23, 1;
L_0x7fd385540c60 .part v0x7fd385538720_0, 24, 1;
L_0x7fd385540a30 .part v0x7fd385538720_0, 25, 1;
L_0x7fd385540de0 .part v0x7fd385538720_0, 26, 1;
L_0x7fd385540b90 .part v0x7fd385538720_0, 27, 1;
L_0x7fd385540f70 .part v0x7fd385538720_0, 28, 1;
L_0x7fd385540d00 .part v0x7fd385538720_0, 29, 1;
L_0x7fd385541110 .part v0x7fd385538720_0, 30, 1;
L_0x7fd385540e80 .part v0x7fd385538720_0, 31, 1;
S_0x7fd385524be0 .scope module, "myFF[0]" "ff" 3 90, 3 1 0, S_0x7fd385524a80;
 .timescale 0 0;
    .port_info 0 /OUTPUT 1 "q"
    .port_info 1 /INPUT 1 "d"
    .port_info 2 /INPUT 1 "clk"
    .port_info 3 /INPUT 1 "enable"
v0x7fd385518a80_0 .net "clk", 0 0, v0x7fd385538680_0;  alias, 1 drivers
v0x7fd3855330d0_0 .net "d", 0 0, L_0x7fd38553f620;  1 drivers
v0x7fd385533170_0 .net "enable", 0 0, v0x7fd38553d3a0_0;  alias, 1 drivers
v0x7fd385533200_0 .var "q", 0 0;
E_0x7fd385518820 .event posedge, v0x7fd385518a80_0;
S_0x7fd3855332a0 .scope module, "myFF[1]" "ff" 3 90, 3 1 0, S_0x7fd385524a80;
 .timescale 0 0;
    .port_info 0 /OUTPUT 1 "q"
    .port_info 1 /INPUT 1 "d"
    .port_info 2 /INPUT 1 "clk"
    .port_info 3 /INPUT 1 "enable"
v0x7fd3855334d0_0 .net "clk", 0 0, v0x7fd385538680_0;  alias, 1 drivers
v0x7fd385533580_0 .net "d", 0 0, L_0x7fd38553f720;  1 drivers
v0x7fd385533610_0 .net "enable", 0 0, v0x7fd38553d3a0_0;  alias, 1 drivers
v0x7fd3855336e0_0 .var "q", 0 0;
S_0x7fd3855337c0 .scope module, "myFF[2]" "ff" 3 90, 3 1 0, S_0x7fd385524a80;
 .timescale 0 0;
    .port_info 0 /OUTPUT 1 "q"
    .port_info 1 /INPUT 1 "d"
    .port_info 2 /INPUT 1 "clk"
    .port_info 3 /INPUT 1 "enable"
v0x7fd385533a00_0 .net "clk", 0 0, v0x7fd385538680_0;  alias, 1 drivers
v0x7fd385533ad0_0 .net "d", 0 0, L_0x7fd38553f7e0;  1 drivers
v0x7fd385533b70_0 .net "enable", 0 0, v0x7fd38553d3a0_0;  alias, 1 drivers
v0x7fd385533c40_0 .var "q", 0 0;
S_0x7fd385533d10 .scope module, "myFF[3]" "ff" 3 90, 3 1 0, S_0x7fd385524a80;
 .timescale 0 0;
    .port_info 0 /OUTPUT 1 "q"
    .port_info 1 /INPUT 1 "d"
    .port_info 2 /INPUT 1 "clk"
    .port_info 3 /INPUT 1 "enable"
v0x7fd385533f30_0 .net "clk", 0 0, v0x7fd385538680_0;  alias, 1 drivers
v0x7fd385533fd0_0 .net "d", 0 0, L_0x7fd38553f920;  1 drivers
v0x7fd385534070_0 .net "enable", 0 0, v0x7fd38553d3a0_0;  alias, 1 drivers
v0x7fd385534120_0 .var "q", 0 0;
S_0x7fd385534210 .scope module, "myFF[4]" "ff" 3 90, 3 1 0, S_0x7fd385524a80;
 .timescale 0 0;
    .port_info 0 /OUTPUT 1 "q"
    .port_info 1 /INPUT 1 "d"
    .port_info 2 /INPUT 1 "clk"
    .port_info 3 /INPUT 1 "enable"
v0x7fd385534470_0 .net "clk", 0 0, v0x7fd385538680_0;  alias, 1 drivers
v0x7fd385534580_0 .net "d", 0 0, L_0x7fd38553f9e0;  1 drivers
v0x7fd385534610_0 .net "enable", 0 0, v0x7fd38553d3a0_0;  alias, 1 drivers
v0x7fd385534720_0 .var "q", 0 0;
S_0x7fd3855347f0 .scope module, "myFF[5]" "ff" 3 90, 3 1 0, S_0x7fd385524a80;
 .timescale 0 0;
    .port_info 0 /OUTPUT 1 "q"
    .port_info 1 /INPUT 1 "d"
    .port_info 2 /INPUT 1 "clk"
    .port_info 3 /INPUT 1 "enable"
v0x7fd385534a00_0 .net "clk", 0 0, v0x7fd385538680_0;  alias, 1 drivers
v0x7fd385534a90_0 .net "d", 0 0, L_0x7fd38553fa80;  1 drivers
v0x7fd385534b20_0 .net "enable", 0 0, v0x7fd38553d3a0_0;  alias, 1 drivers
v0x7fd385534bd0_0 .var "q", 0 0;
S_0x7fd385534cb0 .scope module, "myFF[6]" "ff" 3 90, 3 1 0, S_0x7fd385524a80;
 .timescale 0 0;
    .port_info 0 /OUTPUT 1 "q"
    .port_info 1 /INPUT 1 "d"
    .port_info 2 /INPUT 1 "clk"
    .port_info 3 /INPUT 1 "enable"
v0x7fd385534ed0_0 .net "clk", 0 0, v0x7fd385538680_0;  alias, 1 drivers
v0x7fd385534f70_0 .net "d", 0 0, L_0x7fd38553fb40;  1 drivers
v0x7fd385535010_0 .net "enable", 0 0, v0x7fd38553d3a0_0;  alias, 1 drivers
v0x7fd3855350c0_0 .var "q", 0 0;
S_0x7fd3855351b0 .scope module, "myFF[7]" "ff" 3 90, 3 1 0, S_0x7fd385524a80;
 .timescale 0 0;
    .port_info 0 /OUTPUT 1 "q"
    .port_info 1 /INPUT 1 "d"
    .port_info 2 /INPUT 1 "clk"
    .port_info 3 /INPUT 1 "enable"
v0x7fd3855353d0_0 .net "clk", 0 0, v0x7fd385538680_0;  alias, 1 drivers
v0x7fd385535470_0 .net "d", 0 0, L_0x7fd38553fce0;  1 drivers
v0x7fd385535510_0 .net "enable", 0 0, v0x7fd38553d3a0_0;  alias, 1 drivers
v0x7fd3855355c0_0 .var "q", 0 0;
S_0x7fd3855356b0 .scope module, "myFF[8]" "ff" 3 90, 3 1 0, S_0x7fd385524a80;
 .timescale 0 0;
    .port_info 0 /OUTPUT 1 "q"
    .port_info 1 /INPUT 1 "d"
    .port_info 2 /INPUT 1 "clk"
    .port_info 3 /INPUT 1 "enable"
v0x7fd385535950_0 .net "clk", 0 0, v0x7fd385538680_0;  alias, 1 drivers
v0x7fd385535af0_0 .net "d", 0 0, L_0x7fd38553fd80;  1 drivers
v0x7fd385535b80_0 .net "enable", 0 0, v0x7fd38553d3a0_0;  alias, 1 drivers
v0x7fd385535d10_0 .var "q", 0 0;
S_0x7fd385535da0 .scope module, "myFF[9]" "ff" 3 90, 3 1 0, S_0x7fd385524a80;
 .timescale 0 0;
    .port_info 0 /OUTPUT 1 "q"
    .port_info 1 /INPUT 1 "d"
    .port_info 2 /INPUT 1 "clk"
    .port_info 3 /INPUT 1 "enable"
v0x7fd385535f60_0 .net "clk", 0 0, v0x7fd385538680_0;  alias, 1 drivers
v0x7fd385535ff0_0 .net "d", 0 0, L_0x7fd38553fe20;  1 drivers
v0x7fd385536080_0 .net "enable", 0 0, v0x7fd38553d3a0_0;  alias, 1 drivers
v0x7fd385536110_0 .var "q", 0 0;
S_0x7fd3855361f0 .scope module, "myFF[10]" "ff" 3 90, 3 1 0, S_0x7fd385524a80;
 .timescale 0 0;
    .port_info 0 /OUTPUT 1 "q"
    .port_info 1 /INPUT 1 "d"
    .port_info 2 /INPUT 1 "clk"
    .port_info 3 /INPUT 1 "enable"
v0x7fd385536410_0 .net "clk", 0 0, v0x7fd385538680_0;  alias, 1 drivers
v0x7fd3855364b0_0 .net "d", 0 0, L_0x7fd38553ff20;  1 drivers
v0x7fd385536550_0 .net "enable", 0 0, v0x7fd38553d3a0_0;  alias, 1 drivers
v0x7fd385536600_0 .var "q", 0 0;
S_0x7fd3855366f0 .scope module, "myFF[11]" "ff" 3 90, 3 1 0, S_0x7fd385524a80;
 .timescale 0 0;
    .port_info 0 /OUTPUT 1 "q"
    .port_info 1 /INPUT 1 "d"
    .port_info 2 /INPUT 1 "clk"
    .port_info 3 /INPUT 1 "enable"
v0x7fd385536910_0 .net "clk", 0 0, v0x7fd385538680_0;  alias, 1 drivers
v0x7fd3855369b0_0 .net "d", 0 0, L_0x7fd38553ffc0;  1 drivers
v0x7fd385536a50_0 .net "enable", 0 0, v0x7fd38553d3a0_0;  alias, 1 drivers
v0x7fd385536b00_0 .var "q", 0 0;
S_0x7fd385536bf0 .scope module, "myFF[12]" "ff" 3 90, 3 1 0, S_0x7fd385524a80;
 .timescale 0 0;
    .port_info 0 /OUTPUT 1 "q"
    .port_info 1 /INPUT 1 "d"
    .port_info 2 /INPUT 1 "clk"
    .port_info 3 /INPUT 1 "enable"
v0x7fd385536e10_0 .net "clk", 0 0, v0x7fd385538680_0;  alias, 1 drivers
v0x7fd385536eb0_0 .net "d", 0 0, L_0x7fd3855400d0;  1 drivers
v0x7fd385536f50_0 .net "enable", 0 0, v0x7fd38553d3a0_0;  alias, 1 drivers
v0x7fd385537000_0 .var "q", 0 0;
S_0x7fd3855370f0 .scope module, "myFF[13]" "ff" 3 90, 3 1 0, S_0x7fd385524a80;
 .timescale 0 0;
    .port_info 0 /OUTPUT 1 "q"
    .port_info 1 /INPUT 1 "d"
    .port_info 2 /INPUT 1 "clk"
    .port_info 3 /INPUT 1 "enable"
v0x7fd385537310_0 .net "clk", 0 0, v0x7fd385538680_0;  alias, 1 drivers
v0x7fd3855373b0_0 .net "d", 0 0, L_0x7fd385540170;  1 drivers
v0x7fd385537450_0 .net "enable", 0 0, v0x7fd38553d3a0_0;  alias, 1 drivers
v0x7fd385537500_0 .var "q", 0 0;
S_0x7fd3855375f0 .scope module, "myFF[14]" "ff" 3 90, 3 1 0, S_0x7fd385524a80;
 .timescale 0 0;
    .port_info 0 /OUTPUT 1 "q"
    .port_info 1 /INPUT 1 "d"
    .port_info 2 /INPUT 1 "clk"
    .port_info 3 /INPUT 1 "enable"
v0x7fd385537810_0 .net "clk", 0 0, v0x7fd385538680_0;  alias, 1 drivers
v0x7fd3855378b0_0 .net "d", 0 0, L_0x7fd385540290;  1 drivers
v0x7fd385537950_0 .net "enable", 0 0, v0x7fd38553d3a0_0;  alias, 1 drivers
v0x7fd385537a00_0 .var "q", 0 0;
S_0x7fd385537af0 .scope module, "myFF[15]" "ff" 3 90, 3 1 0, S_0x7fd385524a80;
 .timescale 0 0;
    .port_info 0 /OUTPUT 1 "q"
    .port_info 1 /INPUT 1 "d"
    .port_info 2 /INPUT 1 "clk"
    .port_info 3 /INPUT 1 "enable"
v0x7fd385537d10_0 .net "clk", 0 0, v0x7fd385538680_0;  alias, 1 drivers
v0x7fd385537db0_0 .net "d", 0 0, L_0x7fd38553fbe0;  1 drivers
v0x7fd385537e50_0 .net "enable", 0 0, v0x7fd38553d3a0_0;  alias, 1 drivers
v0x7fd385537f00_0 .var "q", 0 0;
S_0x7fd385537ff0 .scope module, "myFF[16]" "ff" 3 90, 3 1 0, S_0x7fd385524a80;
 .timescale 0 0;
    .port_info 0 /OUTPUT 1 "q"
    .port_info 1 /INPUT 1 "d"
    .port_info 2 /INPUT 1 "clk"
    .port_info 3 /INPUT 1 "enable"
v0x7fd385538310_0 .net "clk", 0 0, v0x7fd385538680_0;  alias, 1 drivers
v0x7fd3855359f0_0 .net "d", 0 0, L_0x7fd3855405c0;  1 drivers
v0x7fd3855385b0_0 .net "enable", 0 0, v0x7fd38553d3a0_0;  alias, 1 drivers
v0x7fd385535c10_0 .var "q", 0 0;
S_0x7fd385538840 .scope module, "myFF[17]" "ff" 3 90, 3 1 0, S_0x7fd385524a80;
 .timescale 0 0;
    .port_info 0 /OUTPUT 1 "q"
    .port_info 1 /INPUT 1 "d"
    .port_info 2 /INPUT 1 "clk"
    .port_info 3 /INPUT 1 "enable"
v0x7fd3855389a0_0 .net "clk", 0 0, v0x7fd385538680_0;  alias, 1 drivers
v0x7fd385538a30_0 .net "d", 0 0, L_0x7fd385540660;  1 drivers
v0x7fd385538ad0_0 .net "enable", 0 0, v0x7fd38553d3a0_0;  alias, 1 drivers
v0x7fd385538b80_0 .var "q", 0 0;
S_0x7fd385538c70 .scope module, "myFF[18]" "ff" 3 90, 3 1 0, S_0x7fd385524a80;
 .timescale 0 0;
    .port_info 0 /OUTPUT 1 "q"
    .port_info 1 /INPUT 1 "d"
    .port_info 2 /INPUT 1 "clk"
    .port_info 3 /INPUT 1 "enable"
v0x7fd385538e90_0 .net "clk", 0 0, v0x7fd385538680_0;  alias, 1 drivers
v0x7fd385538f30_0 .net "d", 0 0, L_0x7fd3855407a0;  1 drivers
v0x7fd385538fd0_0 .net "enable", 0 0, v0x7fd38553d3a0_0;  alias, 1 drivers
v0x7fd385539080_0 .var "q", 0 0;
S_0x7fd385539170 .scope module, "myFF[19]" "ff" 3 90, 3 1 0, S_0x7fd385524a80;
 .timescale 0 0;
    .port_info 0 /OUTPUT 1 "q"
    .port_info 1 /INPUT 1 "d"
    .port_info 2 /INPUT 1 "clk"
    .port_info 3 /INPUT 1 "enable"
v0x7fd385539390_0 .net "clk", 0 0, v0x7fd385538680_0;  alias, 1 drivers
v0x7fd385539430_0 .net "d", 0 0, L_0x7fd385540840;  1 drivers
v0x7fd3855394d0_0 .net "enable", 0 0, v0x7fd38553d3a0_0;  alias, 1 drivers
v0x7fd385539580_0 .var "q", 0 0;
S_0x7fd385539670 .scope module, "myFF[20]" "ff" 3 90, 3 1 0, S_0x7fd385524a80;
 .timescale 0 0;
    .port_info 0 /OUTPUT 1 "q"
    .port_info 1 /INPUT 1 "d"
    .port_info 2 /INPUT 1 "clk"
    .port_info 3 /INPUT 1 "enable"
v0x7fd385539890_0 .net "clk", 0 0, v0x7fd385538680_0;  alias, 1 drivers
v0x7fd385539930_0 .net "d", 0 0, L_0x7fd385540700;  1 drivers
v0x7fd3855399d0_0 .net "enable", 0 0, v0x7fd38553d3a0_0;  alias, 1 drivers
v0x7fd385539a80_0 .var "q", 0 0;
S_0x7fd385539b70 .scope module, "myFF[21]" "ff" 3 90, 3 1 0, S_0x7fd385524a80;
 .timescale 0 0;
    .port_info 0 /OUTPUT 1 "q"
    .port_info 1 /INPUT 1 "d"
    .port_info 2 /INPUT 1 "clk"
    .port_info 3 /INPUT 1 "enable"
v0x7fd385539d90_0 .net "clk", 0 0, v0x7fd385538680_0;  alias, 1 drivers
v0x7fd385539e30_0 .net "d", 0 0, L_0x7fd385540990;  1 drivers
v0x7fd385539ed0_0 .net "enable", 0 0, v0x7fd38553d3a0_0;  alias, 1 drivers
v0x7fd385539f80_0 .var "q", 0 0;
S_0x7fd38553a070 .scope module, "myFF[22]" "ff" 3 90, 3 1 0, S_0x7fd385524a80;
 .timescale 0 0;
    .port_info 0 /OUTPUT 1 "q"
    .port_info 1 /INPUT 1 "d"
    .port_info 2 /INPUT 1 "clk"
    .port_info 3 /INPUT 1 "enable"
v0x7fd38553a290_0 .net "clk", 0 0, v0x7fd385538680_0;  alias, 1 drivers
v0x7fd38553a330_0 .net "d", 0 0, L_0x7fd385540af0;  1 drivers
v0x7fd38553a3d0_0 .net "enable", 0 0, v0x7fd38553d3a0_0;  alias, 1 drivers
v0x7fd38553a480_0 .var "q", 0 0;
S_0x7fd38553a570 .scope module, "myFF[23]" "ff" 3 90, 3 1 0, S_0x7fd385524a80;
 .timescale 0 0;
    .port_info 0 /OUTPUT 1 "q"
    .port_info 1 /INPUT 1 "d"
    .port_info 2 /INPUT 1 "clk"
    .port_info 3 /INPUT 1 "enable"
v0x7fd38553a790_0 .net "clk", 0 0, v0x7fd385538680_0;  alias, 1 drivers
v0x7fd38553a830_0 .net "d", 0 0, L_0x7fd3855408e0;  1 drivers
v0x7fd38553a8d0_0 .net "enable", 0 0, v0x7fd38553d3a0_0;  alias, 1 drivers
v0x7fd38553a980_0 .var "q", 0 0;
S_0x7fd38553aa70 .scope module, "myFF[24]" "ff" 3 90, 3 1 0, S_0x7fd385524a80;
 .timescale 0 0;
    .port_info 0 /OUTPUT 1 "q"
    .port_info 1 /INPUT 1 "d"
    .port_info 2 /INPUT 1 "clk"
    .port_info 3 /INPUT 1 "enable"
v0x7fd38553ac90_0 .net "clk", 0 0, v0x7fd385538680_0;  alias, 1 drivers
v0x7fd38553ad30_0 .net "d", 0 0, L_0x7fd385540c60;  1 drivers
v0x7fd38553add0_0 .net "enable", 0 0, v0x7fd38553d3a0_0;  alias, 1 drivers
v0x7fd38553ae80_0 .var "q", 0 0;
S_0x7fd38553af70 .scope module, "myFF[25]" "ff" 3 90, 3 1 0, S_0x7fd385524a80;
 .timescale 0 0;
    .port_info 0 /OUTPUT 1 "q"
    .port_info 1 /INPUT 1 "d"
    .port_info 2 /INPUT 1 "clk"
    .port_info 3 /INPUT 1 "enable"
v0x7fd38553b190_0 .net "clk", 0 0, v0x7fd385538680_0;  alias, 1 drivers
v0x7fd38553b230_0 .net "d", 0 0, L_0x7fd385540a30;  1 drivers
v0x7fd38553b2d0_0 .net "enable", 0 0, v0x7fd38553d3a0_0;  alias, 1 drivers
v0x7fd38553b380_0 .var "q", 0 0;
S_0x7fd38553b470 .scope module, "myFF[26]" "ff" 3 90, 3 1 0, S_0x7fd385524a80;
 .timescale 0 0;
    .port_info 0 /OUTPUT 1 "q"
    .port_info 1 /INPUT 1 "d"
    .port_info 2 /INPUT 1 "clk"
    .port_info 3 /INPUT 1 "enable"
v0x7fd38553b690_0 .net "clk", 0 0, v0x7fd385538680_0;  alias, 1 drivers
v0x7fd38553b730_0 .net "d", 0 0, L_0x7fd385540de0;  1 drivers
v0x7fd38553b7d0_0 .net "enable", 0 0, v0x7fd38553d3a0_0;  alias, 1 drivers
v0x7fd38553b880_0 .var "q", 0 0;
S_0x7fd38553b970 .scope module, "myFF[27]" "ff" 3 90, 3 1 0, S_0x7fd385524a80;
 .timescale 0 0;
    .port_info 0 /OUTPUT 1 "q"
    .port_info 1 /INPUT 1 "d"
    .port_info 2 /INPUT 1 "clk"
    .port_info 3 /INPUT 1 "enable"
v0x7fd38553bb90_0 .net "clk", 0 0, v0x7fd385538680_0;  alias, 1 drivers
v0x7fd38553bc30_0 .net "d", 0 0, L_0x7fd385540b90;  1 drivers
v0x7fd38553bcd0_0 .net "enable", 0 0, v0x7fd38553d3a0_0;  alias, 1 drivers
v0x7fd38553bd80_0 .var "q", 0 0;
S_0x7fd38553be70 .scope module, "myFF[28]" "ff" 3 90, 3 1 0, S_0x7fd385524a80;
 .timescale 0 0;
    .port_info 0 /OUTPUT 1 "q"
    .port_info 1 /INPUT 1 "d"
    .port_info 2 /INPUT 1 "clk"
    .port_info 3 /INPUT 1 "enable"
v0x7fd38553c090_0 .net "clk", 0 0, v0x7fd385538680_0;  alias, 1 drivers
v0x7fd38553c130_0 .net "d", 0 0, L_0x7fd385540f70;  1 drivers
v0x7fd38553c1d0_0 .net "enable", 0 0, v0x7fd38553d3a0_0;  alias, 1 drivers
v0x7fd38553c280_0 .var "q", 0 0;
S_0x7fd38553c370 .scope module, "myFF[29]" "ff" 3 90, 3 1 0, S_0x7fd385524a80;
 .timescale 0 0;
    .port_info 0 /OUTPUT 1 "q"
    .port_info 1 /INPUT 1 "d"
    .port_info 2 /INPUT 1 "clk"
    .port_info 3 /INPUT 1 "enable"
v0x7fd38553c590_0 .net "clk", 0 0, v0x7fd385538680_0;  alias, 1 drivers
v0x7fd38553c630_0 .net "d", 0 0, L_0x7fd385540d00;  1 drivers
v0x7fd38553c6d0_0 .net "enable", 0 0, v0x7fd38553d3a0_0;  alias, 1 drivers
v0x7fd38553c780_0 .var "q", 0 0;
S_0x7fd38553c870 .scope module, "myFF[30]" "ff" 3 90, 3 1 0, S_0x7fd385524a80;
 .timescale 0 0;
    .port_info 0 /OUTPUT 1 "q"
    .port_info 1 /INPUT 1 "d"
    .port_info 2 /INPUT 1 "clk"
    .port_info 3 /INPUT 1 "enable"
v0x7fd38553ca90_0 .net "clk", 0 0, v0x7fd385538680_0;  alias, 1 drivers
v0x7fd38553cb30_0 .net "d", 0 0, L_0x7fd385541110;  1 drivers
v0x7fd38553cbd0_0 .net "enable", 0 0, v0x7fd38553d3a0_0;  alias, 1 drivers
v0x7fd38553cc80_0 .var "q", 0 0;
S_0x7fd38553cd70 .scope module, "myFF[31]" "ff" 3 90, 3 1 0, S_0x7fd385524a80;
 .timescale 0 0;
    .port_info 0 /OUTPUT 1 "q"
    .port_info 1 /INPUT 1 "d"
    .port_info 2 /INPUT 1 "clk"
    .port_info 3 /INPUT 1 "enable"
v0x7fd38553cf90_0 .net "clk", 0 0, v0x7fd385538680_0;  alias, 1 drivers
v0x7fd38553d030_0 .net "d", 0 0, L_0x7fd385540e80;  1 drivers
v0x7fd38553d0d0_0 .net "enable", 0 0, v0x7fd38553d3a0_0;  alias, 1 drivers
v0x7fd38553d180_0 .var "q", 0 0;
S_0x7fd3855245a0 .scope module, "mem" "mem" 3 14;
 .timescale 0 0;
    .port_info 0 /OUTPUT 32 "memOut"
    .port_info 1 /INPUT 32 "address"
    .port_info 2 /INPUT 32 "memIn"
    .port_info 3 /INPUT 1 "clk"
    .port_info 4 /INPUT 1 "read"
    .port_info 5 /INPUT 1 "write"
P_0x7fd385519980 .param/l "CAPACITY" 0 3 22, C4<1111111111111111>;
P_0x7fd3855199c0 .param/l "DEBUG" 0 3 20, +C4<00000000000000000000000000000000>;
v0x7fd38553d540_0 .net *"_s3", 31 0, L_0x7fd385541010;  1 drivers
o0x1086d75e8 .functor BUFZ 32, C4<zzzzzzzzzzzzzzzzzzzzzzzzzzzzzzzz>; HiZ drive
v0x7fd38553d600_0 .net "address", 31 0, o0x1086d75e8;  0 drivers
v0x7fd38553d6b0 .array "arr", 65535 0, 31 0;
o0x1086d7618 .functor BUFZ 1, C4<z>; HiZ drive
v0x7fd38553d760_0 .net "clk", 0 0, o0x1086d7618;  0 drivers
v0x7fd38553d800_0 .var "fresh", 0 0;
o0x1086d7678 .functor BUFZ 32, C4<zzzzzzzzzzzzzzzzzzzzzzzzzzzzzzzz>; HiZ drive
v0x7fd38553d8e0_0 .net "memIn", 31 0, o0x1086d7678;  0 drivers
v0x7fd38553d990_0 .var "memOut", 31 0;
o0x1086d76d8 .functor BUFZ 1, C4<z>; HiZ drive
v0x7fd38553da40_0 .net "read", 0 0, o0x1086d76d8;  0 drivers
o0x1086d7708 .functor BUFZ 1, C4<z>; HiZ drive
v0x7fd38553dae0_0 .net "write", 0 0, o0x1086d7708;  0 drivers
E_0x7fd38553d4c0 .event posedge, v0x7fd38553d760_0;
E_0x7fd38553d4f0 .event edge, L_0x7fd385541010, v0x7fd38553d600_0, v0x7fd38553da40_0;
L_0x7fd385541010 .array/port v0x7fd38553d6b0, o0x1086d75e8;
S_0x7fd385524700 .scope module, "rf" "rf" 3 94;
 .timescale 0 0;
    .port_info 0 /OUTPUT 32 "RD1"
    .port_info 1 /OUTPUT 32 "RD2"
    .port_info 2 /INPUT 5 "RN1"
    .port_info 3 /INPUT 5 "RN2"
    .port_info 4 /INPUT 5 "WN"
    .port_info 5 /INPUT 32 "WD"
    .port_info 6 /INPUT 1 "clk"
    .port_info 7 /INPUT 1 "W"
P_0x7fd385518210 .param/l "DEBUG" 0 3 99, +C4<00000000000000000000000000000000>;
v0x7fd38553dcf0_0 .var "RD1", 31 0;
v0x7fd38553dda0_0 .var "RD2", 31 0;
o0x1086d78b8 .functor BUFZ 5, C4<zzzzz>; HiZ drive
v0x7fd38553de50_0 .net "RN1", 4 0, o0x1086d78b8;  0 drivers
o0x1086d78e8 .functor BUFZ 5, C4<zzzzz>; HiZ drive
v0x7fd38553df10_0 .net "RN2", 4 0, o0x1086d78e8;  0 drivers
o0x1086d7918 .functor BUFZ 1, C4<z>; HiZ drive
v0x7fd38553dfc0_0 .net "W", 0 0, o0x1086d7918;  0 drivers
o0x1086d7948 .functor BUFZ 32, C4<zzzzzzzzzzzzzzzzzzzzzzzzzzzzzzzz>; HiZ drive
v0x7fd38553e0a0_0 .net "WD", 31 0, o0x1086d7948;  0 drivers
o0x1086d7978 .functor BUFZ 5, C4<zzzzz>; HiZ drive
v0x7fd38553e150_0 .net "WN", 4 0, o0x1086d7978;  0 drivers
v0x7fd38553e200_0 .net *"_s10", 6 0, L_0x7fd385541230;  1 drivers
v0x7fd38553e2b0_0 .net *"_s15", 31 0, L_0x7fd3855413b0;  1 drivers
v0x7fd38553e3c0_0 .net *"_s17", 6 0, L_0x7fd385541450;  1 drivers
v0x7fd38553e470_0 .net *"_s2", 31 0, L_0x7fd385540440;  1 drivers
L_0x108706098 .functor BUFT 1, C4<00>, C4<0>, C4<0>, C4<0>;
v0x7fd38553e520_0 .net *"_s20", 1 0, L_0x108706098;  1 drivers
L_0x1087060e0 .functor BUFT 1, C4<0000001>, C4<0>, C4<0>, C4<0>;
v0x7fd38553e5d0_0 .net/2u *"_s21", 6 0, L_0x1087060e0;  1 drivers
v0x7fd38553e680_0 .net *"_s23", 6 0, L_0x7fd3855415a0;  1 drivers
v0x7fd38553e730_0 .net *"_s4", 6 0, L_0x7fd3855404e0;  1 drivers
L_0x108706008 .functor BUFT 1, C4<00>, C4<0>, C4<0>, C4<0>;
v0x7fd38553e7e0_0 .net *"_s7", 1 0, L_0x108706008;  1 drivers
L_0x108706050 .functor BUFT 1, C4<0000001>, C4<0>, C4<0>, C4<0>;
v0x7fd38553e890_0 .net/2u *"_s8", 6 0, L_0x108706050;  1 drivers
v0x7fd38553ea20 .array "arr", 31 1, 31 0;
o0x1086d7b88 .functor BUFZ 1, C4<z>; HiZ drive
v0x7fd38553eab0_0 .net "clk", 0 0, o0x1086d7b88;  0 drivers
E_0x7fd385519360 .event posedge, v0x7fd38553eab0_0;
E_0x7fd38553dc70 .event edge, L_0x7fd3855413b0, v0x7fd38553df10_0;
E_0x7fd38553dca0 .event edge, L_0x7fd385540440, v0x7fd38553de50_0;
L_0x7fd385540440 .array/port v0x7fd38553ea20, L_0x7fd385541230;
L_0x7fd3855404e0 .concat [ 5 2 0 0], o0x1086d78b8, L_0x108706008;
L_0x7fd385541230 .arith/sub 7, L_0x7fd3855404e0, L_0x108706050;
L_0x7fd3855413b0 .array/port v0x7fd38553ea20, L_0x7fd3855415a0;
L_0x7fd385541450 .concat [ 5 2 0 0], o0x1086d78e8, L_0x108706098;
L_0x7fd3855415a0 .arith/sub 7, L_0x7fd385541450, L_0x1087060e0;
S_0x7fd385524920 .scope module, "sk" "sk" 3 137;
 .timescale 0 0;
    .port_info 0 /OUTPUT 1 "upper"
    .port_info 1 /OUTPUT 1 "lower"
    .port_info 2 /INPUT 1 "a"
    .port_info 3 /INPUT 1 "b"
    .port_info 4 /INPUT 1 "c"
    .port_info 5 /INPUT 1 "d"
o0x1086d7d38 .functor BUFZ 1, C4<z>; HiZ drive
o0x1086d7d68 .functor BUFZ 1, C4<z>; HiZ drive
o0x1086d7d98 .functor BUFZ 1, C4<z>; HiZ drive
o0x1086d7dc8 .functor BUFZ 1, C4<z>; HiZ drive
L_0x7fd385541720 .functor OR 1, o0x1086d7d38, o0x1086d7d68, o0x1086d7d98, o0x1086d7dc8;
L_0x7fd3855417c0 .functor NOT 1, o0x1086d7d98, C4<0>, C4<0>, C4<0>;
L_0x7fd385541890 .functor XOR 1, o0x1086d7d38, o0x1086d7d68, L_0x7fd3855417c0, o0x1086d7dc8;
v0x7fd38553ec00_0 .net "a", 0 0, o0x1086d7d38;  0 drivers
v0x7fd38553ec90_0 .net "b", 0 0, o0x1086d7d68;  0 drivers
v0x7fd38553ed20_0 .net "c", 0 0, o0x1086d7d98;  0 drivers
v0x7fd38553edb0_0 .net "d", 0 0, o0x1086d7dc8;  0 drivers
v0x7fd38553ee40_0 .net "lower", 0 0, L_0x7fd385541890;  1 drivers
v0x7fd38553eed0_0 .net "notC", 0 0, L_0x7fd3855417c0;  1 drivers
v0x7fd38553ef60_0 .net "upper", 0 0, L_0x7fd385541720;  1 drivers
    .scope S_0x7fd385524be0;
T_0 ;
    %wait E_0x7fd385518820;
    %load/vec4 v0x7fd385533170_0;
    %flag_set/vec4 8;
    %jmp/0xz  T_0.0, 8;
    %load/vec4 v0x7fd3855330d0_0;
    %assign/vec4 v0x7fd385533200_0, 0;
T_0.0 ;
    %jmp T_0;
    .thread T_0;
    .scope S_0x7fd3855332a0;
T_1 ;
    %wait E_0x7fd385518820;
    %load/vec4 v0x7fd385533610_0;
    %flag_set/vec4 8;
    %jmp/0xz  T_1.0, 8;
    %load/vec4 v0x7fd385533580_0;
    %assign/vec4 v0x7fd3855336e0_0, 0;
T_1.0 ;
    %jmp T_1;
    .thread T_1;
    .scope S_0x7fd3855337c0;
T_2 ;
    %wait E_0x7fd385518820;
    %load/vec4 v0x7fd385533b70_0;
    %flag_set/vec4 8;
    %jmp/0xz  T_2.0, 8;
    %load/vec4 v0x7fd385533ad0_0;
    %assign/vec4 v0x7fd385533c40_0, 0;
T_2.0 ;
    %jmp T_2;
    .thread T_2;
    .scope S_0x7fd385533d10;
T_3 ;
    %wait E_0x7fd385518820;
    %load/vec4 v0x7fd385534070_0;
    %flag_set/vec4 8;
    %jmp/0xz  T_3.0, 8;
    %load/vec4 v0x7fd385533fd0_0;
    %assign/vec4 v0x7fd385534120_0, 0;
T_3.0 ;
    %jmp T_3;
    .thread T_3;
    .scope S_0x7fd385534210;
T_4 ;
    %wait E_0x7fd385518820;
    %load/vec4 v0x7fd385534610_0;
    %flag_set/vec4 8;
    %jmp/0xz  T_4.0, 8;
    %load/vec4 v0x7fd385534580_0;
    %assign/vec4 v0x7fd385534720_0, 0;
T_4.0 ;
    %jmp T_4;
    .thread T_4;
    .scope S_0x7fd3855347f0;
T_5 ;
    %wait E_0x7fd385518820;
    %load/vec4 v0x7fd385534b20_0;
    %flag_set/vec4 8;
    %jmp/0xz  T_5.0, 8;
    %load/vec4 v0x7fd385534a90_0;
    %assign/vec4 v0x7fd385534bd0_0, 0;
T_5.0 ;
    %jmp T_5;
    .thread T_5;
    .scope S_0x7fd385534cb0;
T_6 ;
    %wait E_0x7fd385518820;
    %load/vec4 v0x7fd385535010_0;
    %flag_set/vec4 8;
    %jmp/0xz  T_6.0, 8;
    %load/vec4 v0x7fd385534f70_0;
    %assign/vec4 v0x7fd3855350c0_0, 0;
T_6.0 ;
    %jmp T_6;
    .thread T_6;
    .scope S_0x7fd3855351b0;
T_7 ;
    %wait E_0x7fd385518820;
    %load/vec4 v0x7fd385535510_0;
    %flag_set/vec4 8;
    %jmp/0xz  T_7.0, 8;
    %load/vec4 v0x7fd385535470_0;
    %assign/vec4 v0x7fd3855355c0_0, 0;
T_7.0 ;
    %jmp T_7;
    .thread T_7;
    .scope S_0x7fd3855356b0;
T_8 ;
    %wait E_0x7fd385518820;
    %load/vec4 v0x7fd385535b80_0;
    %flag_set/vec4 8;
    %jmp/0xz  T_8.0, 8;
    %load/vec4 v0x7fd385535af0_0;
    %assign/vec4 v0x7fd385535d10_0, 0;
T_8.0 ;
    %jmp T_8;
    .thread T_8;
    .scope S_0x7fd385535da0;
T_9 ;
    %wait E_0x7fd385518820;
    %load/vec4 v0x7fd385536080_0;
    %flag_set/vec4 8;
    %jmp/0xz  T_9.0, 8;
    %load/vec4 v0x7fd385535ff0_0;
    %assign/vec4 v0x7fd385536110_0, 0;
T_9.0 ;
    %jmp T_9;
    .thread T_9;
    .scope S_0x7fd3855361f0;
T_10 ;
    %wait E_0x7fd385518820;
    %load/vec4 v0x7fd385536550_0;
    %flag_set/vec4 8;
    %jmp/0xz  T_10.0, 8;
    %load/vec4 v0x7fd3855364b0_0;
    %assign/vec4 v0x7fd385536600_0, 0;
T_10.0 ;
    %jmp T_10;
    .thread T_10;
    .scope S_0x7fd3855366f0;
T_11 ;
    %wait E_0x7fd385518820;
    %load/vec4 v0x7fd385536a50_0;
    %flag_set/vec4 8;
    %jmp/0xz  T_11.0, 8;
    %load/vec4 v0x7fd3855369b0_0;
    %assign/vec4 v0x7fd385536b00_0, 0;
T_11.0 ;
    %jmp T_11;
    .thread T_11;
    .scope S_0x7fd385536bf0;
T_12 ;
    %wait E_0x7fd385518820;
    %load/vec4 v0x7fd385536f50_0;
    %flag_set/vec4 8;
    %jmp/0xz  T_12.0, 8;
    %load/vec4 v0x7fd385536eb0_0;
    %assign/vec4 v0x7fd385537000_0, 0;
T_12.0 ;
    %jmp T_12;
    .thread T_12;
    .scope S_0x7fd3855370f0;
T_13 ;
    %wait E_0x7fd385518820;
    %load/vec4 v0x7fd385537450_0;
    %flag_set/vec4 8;
    %jmp/0xz  T_13.0, 8;
    %load/vec4 v0x7fd3855373b0_0;
    %assign/vec4 v0x7fd385537500_0, 0;
T_13.0 ;
    %jmp T_13;
    .thread T_13;
    .scope S_0x7fd3855375f0;
T_14 ;
    %wait E_0x7fd385518820;
    %load/vec4 v0x7fd385537950_0;
    %flag_set/vec4 8;
    %jmp/0xz  T_14.0, 8;
    %load/vec4 v0x7fd3855378b0_0;
    %assign/vec4 v0x7fd385537a00_0, 0;
T_14.0 ;
    %jmp T_14;
    .thread T_14;
    .scope S_0x7fd385537af0;
T_15 ;
    %wait E_0x7fd385518820;
    %load/vec4 v0x7fd385537e50_0;
    %flag_set/vec4 8;
    %jmp/0xz  T_15.0, 8;
    %load/vec4 v0x7fd385537db0_0;
    %assign/vec4 v0x7fd385537f00_0, 0;
T_15.0 ;
    %jmp T_15;
    .thread T_15;
    .scope S_0x7fd385537ff0;
T_16 ;
    %wait E_0x7fd385518820;
    %load/vec4 v0x7fd3855385b0_0;
    %flag_set/vec4 8;
    %jmp/0xz  T_16.0, 8;
    %load/vec4 v0x7fd3855359f0_0;
    %assign/vec4 v0x7fd385535c10_0, 0;
T_16.0 ;
    %jmp T_16;
    .thread T_16;
    .scope S_0x7fd385538840;
T_17 ;
    %wait E_0x7fd385518820;
    %load/vec4 v0x7fd385538ad0_0;
    %flag_set/vec4 8;
    %jmp/0xz  T_17.0, 8;
    %load/vec4 v0x7fd385538a30_0;
    %assign/vec4 v0x7fd385538b80_0, 0;
T_17.0 ;
    %jmp T_17;
    .thread T_17;
    .scope S_0x7fd385538c70;
T_18 ;
    %wait E_0x7fd385518820;
    %load/vec4 v0x7fd385538fd0_0;
    %flag_set/vec4 8;
    %jmp/0xz  T_18.0, 8;
    %load/vec4 v0x7fd385538f30_0;
    %assign/vec4 v0x7fd385539080_0, 0;
T_18.0 ;
    %jmp T_18;
    .thread T_18;
    .scope S_0x7fd385539170;
T_19 ;
    %wait E_0x7fd385518820;
    %load/vec4 v0x7fd3855394d0_0;
    %flag_set/vec4 8;
    %jmp/0xz  T_19.0, 8;
    %load/vec4 v0x7fd385539430_0;
    %assign/vec4 v0x7fd385539580_0, 0;
T_19.0 ;
    %jmp T_19;
    .thread T_19;
    .scope S_0x7fd385539670;
T_20 ;
    %wait E_0x7fd385518820;
    %load/vec4 v0x7fd3855399d0_0;
    %flag_set/vec4 8;
    %jmp/0xz  T_20.0, 8;
    %load/vec4 v0x7fd385539930_0;
    %assign/vec4 v0x7fd385539a80_0, 0;
T_20.0 ;
    %jmp T_20;
    .thread T_20;
    .scope S_0x7fd385539b70;
T_21 ;
    %wait E_0x7fd385518820;
    %load/vec4 v0x7fd385539ed0_0;
    %flag_set/vec4 8;
    %jmp/0xz  T_21.0, 8;
    %load/vec4 v0x7fd385539e30_0;
    %assign/vec4 v0x7fd385539f80_0, 0;
T_21.0 ;
    %jmp T_21;
    .thread T_21;
    .scope S_0x7fd38553a070;
T_22 ;
    %wait E_0x7fd385518820;
    %load/vec4 v0x7fd38553a3d0_0;
    %flag_set/vec4 8;
    %jmp/0xz  T_22.0, 8;
    %load/vec4 v0x7fd38553a330_0;
    %assign/vec4 v0x7fd38553a480_0, 0;
T_22.0 ;
    %jmp T_22;
    .thread T_22;
    .scope S_0x7fd38553a570;
T_23 ;
    %wait E_0x7fd385518820;
    %load/vec4 v0x7fd38553a8d0_0;
    %flag_set/vec4 8;
    %jmp/0xz  T_23.0, 8;
    %load/vec4 v0x7fd38553a830_0;
    %assign/vec4 v0x7fd38553a980_0, 0;
T_23.0 ;
    %jmp T_23;
    .thread T_23;
    .scope S_0x7fd38553aa70;
T_24 ;
    %wait E_0x7fd385518820;
    %load/vec4 v0x7fd38553add0_0;
    %flag_set/vec4 8;
    %jmp/0xz  T_24.0, 8;
    %load/vec4 v0x7fd38553ad30_0;
    %assign/vec4 v0x7fd38553ae80_0, 0;
T_24.0 ;
    %jmp T_24;
    .thread T_24;
    .scope S_0x7fd38553af70;
T_25 ;
    %wait E_0x7fd385518820;
    %load/vec4 v0x7fd38553b2d0_0;
    %flag_set/vec4 8;
    %jmp/0xz  T_25.0, 8;
    %load/vec4 v0x7fd38553b230_0;
    %assign/vec4 v0x7fd38553b380_0, 0;
T_25.0 ;
    %jmp T_25;
    .thread T_25;
    .scope S_0x7fd38553b470;
T_26 ;
    %wait E_0x7fd385518820;
    %load/vec4 v0x7fd38553b7d0_0;
    %flag_set/vec4 8;
    %jmp/0xz  T_26.0, 8;
    %load/vec4 v0x7fd38553b730_0;
    %assign/vec4 v0x7fd38553b880_0, 0;
T_26.0 ;
    %jmp T_26;
    .thread T_26;
    .scope S_0x7fd38553b970;
T_27 ;
    %wait E_0x7fd385518820;
    %load/vec4 v0x7fd38553bcd0_0;
    %flag_set/vec4 8;
    %jmp/0xz  T_27.0, 8;
    %load/vec4 v0x7fd38553bc30_0;
    %assign/vec4 v0x7fd38553bd80_0, 0;
T_27.0 ;
    %jmp T_27;
    .thread T_27;
    .scope S_0x7fd38553be70;
T_28 ;
    %wait E_0x7fd385518820;
    %load/vec4 v0x7fd38553c1d0_0;
    %flag_set/vec4 8;
    %jmp/0xz  T_28.0, 8;
    %load/vec4 v0x7fd38553c130_0;
    %assign/vec4 v0x7fd38553c280_0, 0;
T_28.0 ;
    %jmp T_28;
    .thread T_28;
    .scope S_0x7fd38553c370;
T_29 ;
    %wait E_0x7fd385518820;
    %load/vec4 v0x7fd38553c6d0_0;
    %flag_set/vec4 8;
    %jmp/0xz  T_29.0, 8;
    %load/vec4 v0x7fd38553c630_0;
    %assign/vec4 v0x7fd38553c780_0, 0;
T_29.0 ;
    %jmp T_29;
    .thread T_29;
    .scope S_0x7fd38553c870;
T_30 ;
    %wait E_0x7fd385518820;
    %load/vec4 v0x7fd38553cbd0_0;
    %flag_set/vec4 8;
    %jmp/0xz  T_30.0, 8;
    %load/vec4 v0x7fd38553cb30_0;
    %assign/vec4 v0x7fd38553cc80_0, 0;
T_30.0 ;
    %jmp T_30;
    .thread T_30;
    .scope S_0x7fd38553cd70;
T_31 ;
    %wait E_0x7fd385518820;
    %load/vec4 v0x7fd38553d0d0_0;
    %flag_set/vec4 8;
    %jmp/0xz  T_31.0, 8;
    %load/vec4 v0x7fd38553d030_0;
    %assign/vec4 v0x7fd38553d180_0, 0;
T_31.0 ;
    %jmp T_31;
    .thread T_31;
    .scope S_0x7fd385524440;
T_32 ;
    %pushi/vec4 20, 0, 32;
T_32.0 %dup/vec4;
    %pushi/vec4 0, 0, 32;
    %cmp/s;
    %jmp/1xz T_32.1, 5;
    %jmp/1 T_32.1, 4;
    %pushi/vec4 1, 0, 32;
    %sub;
    %delay 2, 0;
    %vpi_func 2 12 "$random" 32 {0 0 0};
    %pushi/vec4 100, 0, 32;
    %mod/s;
    %store/vec4 v0x7fd385538720_0, 0, 32;
    %delay 1, 0;
    %jmp T_32.0;
T_32.1 ;
    %pop/vec4 1;
    %vpi_call 2 15 "$finish" {0 0 0};
    %end;
    .thread T_32;
    .scope S_0x7fd385524440;
T_33 ;
    %pushi/vec4 1, 0, 1;
    %store/vec4 v0x7fd38553d3a0_0, 0, 1;
    %load/vec4 v0x7fd385538680_0;
    %pad/u 32;
    %cmpi/e 1, 0, 32;
    %jmp/0xz  T_33.0, 6;
    %load/vec4 v0x7fd38553d430_0;
    %load/vec4 v0x7fd385538720_0;
    %cmp/e;
    %flag_get/vec4 6;
    %pad/u 32;
    %store/vec4 v0x7fd38553d310_0, 0, 32;
T_33.0 ;
    %delay 1, 0;
    %pushi/vec4 0, 0, 1;
    %store/vec4 v0x7fd385538680_0, 0, 1;
    %delay 5, 0;
    %load/vec4 v0x7fd385538680_0;
    %inv;
    %store/vec4 v0x7fd385538680_0, 0, 1;
    %delay 1, 0;
    %jmp T_33;
    .thread T_33;
    .scope S_0x7fd385524440;
T_34 ;
    %delay 1, 0;
    %vpi_call 2 33 "$monitor", "%5d: clk=%b d=%d z=%d expect=%d", $time, v0x7fd385538680_0, v0x7fd385538720_0, v0x7fd38553d430_0, v0x7fd38553d310_0 {0 0 0};
    %end;
    .thread T_34;
    .scope S_0x7fd3855245a0;
T_35 ;
    %pushi/vec4 1, 0, 1;
    %store/vec4 v0x7fd38553d800_0, 0, 1;
    %end;
    .thread T_35;
    .scope S_0x7fd3855245a0;
T_36 ;
    %wait E_0x7fd38553d4f0;
    %load/vec4 v0x7fd38553d800_0;
    %pad/u 32;
    %cmpi/e 1, 0, 32;
    %jmp/0xz  T_36.0, 4;
    %pushi/vec4 0, 0, 1;
    %store/vec4 v0x7fd38553d800_0, 0, 1;
    %vpi_call 3 35 "$readmemh", "ram.dat", v0x7fd38553d6b0 {0 0 0};
T_36.0 ;
    %load/vec4 v0x7fd38553da40_0;
    %pad/u 32;
    %cmpi/e 1, 0, 32;
    %jmp/0xz  T_36.2, 4;
    %load/vec4 v0x7fd38553d600_0;
    %parti/s 2, 0, 2;
    %cmpi/ne 0, 0, 2;
    %jmp/0xz  T_36.4, 4;
    %pushi/vec4 4294967295, 4294967295, 32;
    %store/vec4 v0x7fd38553d990_0, 0, 32;
    %jmp T_36.5;
T_36.4 ;
    %pushi/vec4 65535, 0, 32;
    %load/vec4 v0x7fd38553d600_0;
    %cmp/u;
    %jmp/0xz  T_36.6, 5;
    %pushi/vec4 4294967295, 4294967295, 32;
    %store/vec4 v0x7fd38553d990_0, 0, 32;
    %jmp T_36.7;
T_36.6 ;
    %ix/getv 4, v0x7fd38553d600_0;
    %load/vec4a v0x7fd38553d6b0, 4;
    %store/vec4 v0x7fd38553d990_0, 0, 32;
T_36.7 ;
T_36.5 ;
T_36.2 ;
    %jmp T_36;
    .thread T_36, $push;
    .scope S_0x7fd3855245a0;
T_37 ;
    %wait E_0x7fd38553d4c0;
    %load/vec4 v0x7fd38553dae0_0;
    %pad/u 32;
    %cmpi/e 1, 0, 32;
    %jmp/0xz  T_37.0, 4;
    %load/vec4 v0x7fd38553d600_0;
    %parti/s 2, 0, 2;
    %cmpi/ne 0, 0, 2;
    %jmp/0xz  T_37.2, 4;
    %jmp T_37.3;
T_37.2 ;
    %pushi/vec4 65535, 0, 32;
    %load/vec4 v0x7fd38553d600_0;
    %cmp/u;
    %jmp/0xz  T_37.4, 5;
    %vpi_call 3 67 "$display", "Address %d out of range %d", v0x7fd38553d600_0, P_0x7fd385519980 {0 0 0};
    %jmp T_37.5;
T_37.4 ;
    %load/vec4 v0x7fd38553d8e0_0;
    %ix/getv 3, v0x7fd38553d600_0;
    %ix/load 4, 0, 0; Constant delay
    %assign/vec4/a/d v0x7fd38553d6b0, 0, 4;
T_37.5 ;
T_37.3 ;
T_37.0 ;
    %jmp T_37;
    .thread T_37;
    .scope S_0x7fd385524700;
T_38 ;
    %wait E_0x7fd38553dca0;
    %load/vec4 v0x7fd38553de50_0;
    %pad/u 32;
    %cmpi/e 0, 0, 32;
    %jmp/0xz  T_38.0, 4;
    %pushi/vec4 0, 0, 32;
    %store/vec4 v0x7fd38553dcf0_0, 0, 32;
    %jmp T_38.1;
T_38.0 ;
    %load/vec4 v0x7fd38553de50_0;
    %pad/u 7;
    %subi 1, 0, 7;
    %ix/vec4 4;
    %load/vec4a v0x7fd38553ea20, 4;
    %store/vec4 v0x7fd38553dcf0_0, 0, 32;
T_38.1 ;
    %jmp T_38;
    .thread T_38, $push;
    .scope S_0x7fd385524700;
T_39 ;
    %wait E_0x7fd38553dc70;
    %load/vec4 v0x7fd38553df10_0;
    %pad/u 32;
    %cmpi/e 0, 0, 32;
    %jmp/0xz  T_39.0, 4;
    %pushi/vec4 0, 0, 32;
    %store/vec4 v0x7fd38553dda0_0, 0, 32;
    %jmp T_39.1;
T_39.0 ;
    %load/vec4 v0x7fd38553df10_0;
    %pad/u 7;
    %subi 1, 0, 7;
    %ix/vec4 4;
    %load/vec4a v0x7fd38553ea20, 4;
    %store/vec4 v0x7fd38553dda0_0, 0, 32;
T_39.1 ;
    %jmp T_39;
    .thread T_39, $push;
    .scope S_0x7fd385524700;
T_40 ;
    %wait E_0x7fd385519360;
    %load/vec4 v0x7fd38553dfc0_0;
    %pad/u 32;
    %pushi/vec4 1, 0, 32;
    %cmp/e;
    %flag_get/vec4 4;
    %load/vec4 v0x7fd38553e150_0;
    %pad/u 32;
    %pushi/vec4 0, 0, 32;
    %cmp/e;
    %flag_get/vec4 4;
    %inv;
    %and;
    %flag_set/vec4 8;
    %jmp/0xz  T_40.0, 8;
    %load/vec4 v0x7fd38553e0a0_0;
    %load/vec4 v0x7fd38553e150_0;
    %pad/u 7;
    %subi 1, 0, 7;
    %ix/vec4 4;
    %store/vec4a v0x7fd38553ea20, 4, 0;
T_40.0 ;
    %jmp T_40;
    .thread T_40;
# The file index is used to find the file name in the following table.
:file_names 4;
    "N/A";
    "<interactive>";
    "LabM2.v";
    "modules.v";
